06/20/2021 08:46:15 PM - INFO - generating message queue for project test done
06/20/2021 11:25:45 PM - INFO - generating message queue for project test done
12/30/2023 09:03:08 PM - ERROR - missing model name or type
12/30/2023 09:03:10 PM - ERROR - project with name [fresh_new] exists
12/30/2023 09:03:13 PM - ERROR - tool is not operational
12/30/2023 09:03:14 PM - ERROR - missing model name or type
12/30/2023 09:03:47 PM - ERROR - missing model name or type
12/30/2023 09:03:48 PM - ERROR - project with name [fresh_new] exists
12/30/2023 09:03:50 PM - INFO - gen pro latest_pro done
12/30/2023 09:03:51 PM - ERROR - tool is not operational
12/30/2023 09:03:53 PM - ERROR - missing model name or type
12/30/2023 09:05:25 PM - ERROR - missing model name or type
12/30/2023 09:05:26 PM - ERROR - project with name [fresh_new] exists
12/30/2023 09:05:28 PM - INFO - gen pro latest_pro done
12/30/2023 09:05:30 PM - ERROR - tool is not operational
12/30/2023 09:05:31 PM - ERROR - missing model name or type
12/30/2023 09:09:01 PM - ERROR - missing model name or type
12/30/2023 09:09:02 PM - ERROR - project with name [fresh_new] exists
12/30/2023 09:09:04 PM - INFO - gen pro latest_pro done
12/30/2023 09:09:06 PM - ERROR - tool is not operational
12/30/2023 09:09:07 PM - ERROR - missing model name or type
06/11/2024 09:49:20 PM - INFO - generation latest_pro done
06/11/2024 09:49:21 PM - ERROR - tool is not operational
